<?xml version="1.0" encoding="UTF-8"?>
<!-- Generated by org.testng.reporters.JUnitXMLReporter -->
<testsuite ignored="0" hostname="DESKTOP-00MLSTM" failures="1" tests="1" name="EdgeTest" time="22.892" errors="0" timestamp="2024-10-17T12:30:07 IST">
  <testcase classname="TestCases.Tc_01RegistrationPage" name="verify_registrationPage" time="13.352">
    <failure type="java.lang.AssertionError" message="null">
      <![CDATA[java.lang.AssertionError: null
at TestCases.Tc_01RegistrationPage.verify_registrationPage(Tc_01RegistrationPage.java:63)
at java.base/java.util.ArrayList.forEach(ArrayList.java:1511)
at java.base/java.util.concurrent.FutureTask.run(FutureTask.java:264)
at java.base/java.util.concurrent.ThreadPoolExecutor.runWorker(ThreadPoolExecutor.java:1136)
at java.base/java.util.concurrent.ThreadPoolExecutor$Worker.run(ThreadPoolExecutor.java:635)
at java.base/java.lang.Thread.run(Thread.java:840)
... Removed 19 stack frames]]>
    </failure>
  </testcase> <!-- verify_registrationPage -->
</testsuite> <!-- EdgeTest -->
