<?xml version="1.0" encoding="UTF-8"?>
<testng-results ignored="0" total="1" passed="1" failed="0" skipped="0">
  <reporter-output>
  </reporter-output>
  <suite started-at="2024-11-11T10:39:35 IST" name="Surefire suite" finished-at="2024-11-11T10:39:45 IST" duration-ms="9969">
    <groups>
    </groups>
    <test started-at="2024-11-11T10:39:35 IST" name="Surefire test" finished-at="2024-11-11T10:39:45 IST" duration-ms="9969">
      <class name="TestCases.CheckTest">
        <test-method signature="readData()[pri:0, instance:TestCases.CheckTest@67389cb8]" started-at="2024-11-11T10:39:35 IST" name="readData" finished-at="2024-11-11T10:39:45 IST" duration-ms="9878" status="PASS">
          <reporter-output>
          </reporter-output>
        </test-method> <!-- readData -->
      </class> <!-- TestCases.CheckTest -->
    </test> <!-- Surefire test -->
  </suite> <!-- Surefire suite -->
</testng-results>
