<?xml version="1.0" encoding="UTF-8"?>
<!-- Generated by org.testng.reporters.JUnitXMLReporter -->
<testsuite ignored="0" hostname="DESKTOP-00MLSTM" failures="1" tests="1" name="Test(failed)" time="9.688" errors="0" timestamp="2024-10-24T15:33:42 IST">
  <testcase classname="TestCases.Tc_01RegistrationPage" name="verify_registrationPage" time="3.31">
    <failure type="java.lang.NullPointerException" message="Cannot invoke &amp;quot;com.aventstack.extentreports.ExtentReports.createTest(String)&amp;quot; because &amp;quot;this.extent&amp;quot; is null">
      <![CDATA[java.lang.NullPointerException: Cannot invoke "com.aventstack.extentreports.ExtentReports.createTest(String)" because "this.extent" is null
at utilities.ExtentReportManager.onTestSuccess(ExtentReportManager.java:73)
at java.base/java.util.ArrayList.forEach(ArrayList.java:1511)
... Removed 24 stack frames]]>
    </failure>
  </testcase> <!-- verify_registrationPage -->
</testsuite> <!-- Test(failed) -->
