<?xml version="1.0" encoding="UTF-8"?>
<testng-results ignored="0" total="2" passed="2" failed="0" skipped="0">
  <reporter-output>
  </reporter-output>
  <suite started-at="2024-11-08T14:10:27 IST" name=" Master Suite" finished-at="2024-11-08T14:10:46 IST" duration-ms="18329">
    <groups>
      <group name="Master">
        <method signature="Tc_002LogInPage.verifyLogInPage()[pri:0, instance:TestCases.Tc_002LogInPage@138fe6ec]" name="verifyLogInPage" class="TestCases.Tc_002LogInPage"/>
        <method signature="Tc_01RegistrationPage.verify_registrationPage()[pri:0, instance:TestCases.Tc_01RegistrationPage@552518c3]" name="verify_registrationPage" class="TestCases.Tc_01RegistrationPage"/>
      </group> <!-- Master -->
      <group name="Sanity">
        <method signature="Tc_002LogInPage.verifyLogInPage()[pri:0, instance:TestCases.Tc_002LogInPage@138fe6ec]" name="verifyLogInPage" class="TestCases.Tc_002LogInPage"/>
      </group> <!-- Sanity -->
      <group name="Regression">
        <method signature="Tc_01RegistrationPage.verify_registrationPage()[pri:0, instance:TestCases.Tc_01RegistrationPage@552518c3]" name="verify_registrationPage" class="TestCases.Tc_01RegistrationPage"/>
      </group> <!-- Regression -->
    </groups>
    <test started-at="2024-11-08T14:10:27 IST" name="Test" finished-at="2024-11-08T14:10:46 IST" duration-ms="18329">
      <class name="TestCases.Tc_002LogInPage">
        <test-method is-config="true" signature="setUp(java.lang.String)[pri:0, instance:TestCases.Tc_002LogInPage@138fe6ec]" started-at="2024-11-08T14:10:38 IST" name="setUp" finished-at="2024-11-08T14:10:43 IST" duration-ms="5143" status="PASS">
          <params>
            <param index="0">
              <value>
                <![CDATA[chrome]]>
              </value>
            </param>
          </params>
          <reporter-output>
          </reporter-output>
        </test-method> <!-- setUp -->
        <test-method signature="verifyLogInPage()[pri:0, instance:TestCases.Tc_002LogInPage@138fe6ec]" started-at="2024-11-08T14:10:43 IST" name="verifyLogInPage" finished-at="2024-11-08T14:10:45 IST" duration-ms="1979" status="PASS">
          <reporter-output>
          </reporter-output>
        </test-method> <!-- verifyLogInPage -->
        <test-method is-config="true" signature="tearDown()[pri:0, instance:TestCases.Tc_002LogInPage@138fe6ec]" started-at="2024-11-08T14:10:45 IST" name="tearDown" finished-at="2024-11-08T14:10:46 IST" duration-ms="478" status="PASS">
          <reporter-output>
          </reporter-output>
        </test-method> <!-- tearDown -->
      </class> <!-- TestCases.Tc_002LogInPage -->
      <class name="TestCases.Tc_01RegistrationPage">
        <test-method is-config="true" signature="setUp(java.lang.String)[pri:0, instance:TestCases.Tc_01RegistrationPage@552518c3]" started-at="2024-11-08T14:10:28 IST" name="setUp" finished-at="2024-11-08T14:10:34 IST" duration-ms="6337" status="PASS">
          <params>
            <param index="0">
              <value>
                <![CDATA[chrome]]>
              </value>
            </param>
          </params>
          <reporter-output>
          </reporter-output>
        </test-method> <!-- setUp -->
        <test-method signature="verify_registrationPage()[pri:0, instance:TestCases.Tc_01RegistrationPage@552518c3]" started-at="2024-11-08T14:10:34 IST" name="verify_registrationPage" finished-at="2024-11-08T14:10:37 IST" duration-ms="3354" status="PASS">
          <reporter-output>
          </reporter-output>
        </test-method> <!-- verify_registrationPage -->
        <test-method is-config="true" signature="tearDown()[pri:0, instance:TestCases.Tc_01RegistrationPage@552518c3]" started-at="2024-11-08T14:10:37 IST" name="tearDown" finished-at="2024-11-08T14:10:38 IST" duration-ms="577" status="PASS">
          <reporter-output>
          </reporter-output>
        </test-method> <!-- tearDown -->
      </class> <!-- TestCases.Tc_01RegistrationPage -->
    </test> <!-- Test -->
  </suite> <!--  Master Suite -->
</testng-results>
